
  .   ____          _            __ _ _
 /\\ / ___'_ __ _ _(_)_ __  __ _ \ \ \ \
( ( )\___ | '_ | '_| | '_ \/ _` | \ \ \ \
 \\/  ___)| |_)| | | | | || (_| |  ) ) ) )
  '  |____| .__|_| |_|_| |_\__, | / / / /
 =========|_|==============|___/=/_/_/_/
 :: Spring Boot ::        (v2.1.7.RELEASE)

2019-09-08 22:05:42.046  INFO 9379 --- [           main] hello.Application                        : Starting Application v0.0.1-SNAPSHOT on Don-MBP.local with PID 9379 (/Users/vinodkumar/git/springboot-test-sonar-jacoco/target/springboot-test.jar started by vinodkumar in /Users/vinodkumar/git/springboot-test-sonar-jacoco)
2019-09-08 22:05:42.053  INFO 9379 --- [           main] hello.Application                        : No active profile set, falling back to default profiles: default
2019-09-08 22:05:43.794  INFO 9379 --- [           main] o.s.b.w.embedded.tomcat.TomcatWebServer  : Tomcat initialized with port(s): 8899 (http)
2019-09-08 22:05:43.848  INFO 9379 --- [           main] o.apache.catalina.core.StandardService   : Starting service [Tomcat]
2019-09-08 22:05:43.849  INFO 9379 --- [           main] org.apache.catalina.core.StandardEngine  : Starting Servlet engine: [Apache Tomcat/9.0.22]
2019-09-08 22:05:43.999  INFO 9379 --- [           main] o.a.c.c.C.[Tomcat].[localhost].[/]       : Initializing Spring embedded WebApplicationContext
2019-09-08 22:05:43.999  INFO 9379 --- [           main] o.s.web.context.ContextLoader            : Root WebApplicationContext: initialization completed in 1862 ms
2019-09-08 22:05:44.379  INFO 9379 --- [           main] o.s.s.concurrent.ThreadPoolTaskExecutor  : Initializing ExecutorService 'applicationTaskExecutor'
2019-09-08 22:05:44.691  INFO 9379 --- [           main] o.s.b.w.embedded.tomcat.TomcatWebServer  : Tomcat started on port(s): 8899 (http) with context path ''
2019-09-08 22:05:44.696  INFO 9379 --- [           main] hello.Application                        : Started Application in 3.265 seconds (JVM running for 3.788)
2019-09-08 22:05:52.524  INFO 9379 --- [nio-8899-exec-1] o.a.c.c.C.[Tomcat].[localhost].[/]       : Initializing Spring DispatcherServlet 'dispatcherServlet'
2019-09-08 22:05:52.525  INFO 9379 --- [nio-8899-exec-1] o.s.web.servlet.DispatcherServlet        : Initializing Servlet 'dispatcherServlet'
2019-09-08 22:05:52.533  INFO 9379 --- [nio-8899-exec-1] o.s.web.servlet.DispatcherServlet        : Completed initialization in 8 ms
2019-09-08 22:06:02.217  INFO 9379 --- [       Thread-3] o.s.s.concurrent.ThreadPoolTaskExecutor  : Shutting down ExecutorService 'applicationTaskExecutor'
